<?xml version="1.0" encoding="UTF-8"?>
<!-- Generated by org.testng.reporters.JUnitReportReporter -->
<testsuite hostname="amit" failures="0" tests="1" name="com.payseralogin.testCases.TC_LoginTest_001" time="15.550" errors="0" timestamp="2020-06-24T21:31:36 PST" skipped="0">
  <testcase classname="com.payseralogin.testCases.TC_LoginTest_001" name="loginTest" time="15.550"/>
  <system-out/>
</testsuite> <!-- com.payseralogin.testCases.TC_LoginTest_001 -->
