<?xml version="1.0" encoding="UTF-8"?>
<!-- Generated by org.testng.reporters.JUnitReportReporter -->
<testsuite hostname="amit" failures="0" tests="1" name="com.payseralogin.testCases.FNC_001_Login_With_Email_UnRegistered_User" time="12.499" errors="0" timestamp="2020-06-25T17:22:19 PST" skipped="0">
  <testcase classname="com.payseralogin.testCases.FNC_001_Login_With_Email_UnRegistered_User" name="loginTestwithemail" time="12.499"/>
  <system-out/>
</testsuite> <!-- com.payseralogin.testCases.FNC_001_Login_With_Email_UnRegistered_User -->
